{"C:\\Users\\HP\\Desktop\\foodapp\\src\\components\\sum.js": {"path":"C:\\Users\\HP\\Desktop\\foodapp\\src\\components\\sum.js","statementMap":{"0":{"start":{"line":3,"column":19},"end":{"line":3,"column":33}},"1":{"start":{"line":3,"column":28},"end":{"line":3,"column":33}},"2":{"start":{"line":4,"column":23},"end":{"line":4,"column":37}},"3":{"start":{"line":4,"column":32},"end":{"line":4,"column":37}}},"fnMap":{"0":{"name":"(anonymous_0)","decl":{"start":{"line":3,"column":19},"end":{"line":3,"column":20}},"loc":{"start":{"line":3,"column":28},"end":{"line":3,"column":33}},"line":3},"1":{"name":"(anonymous_1)","decl":{"start":{"line":4,"column":23},"end":{"line":4,"column":24}},"loc":{"start":{"line":4,"column":32},"end":{"line":4,"column":37}},"line":4}},"branchMap":{},"s":{"0":1,"1":1,"2":1,"3":1},"f":{"0":1,"1":1},"b":{},"_coverageSchema":"1a1c01bbd47fc00a2c39e90264f33305004495a9","hash":"2fdbc10d283a00ce4670204d6ea7aa6e7a3c5b98"}
}
